#
# A fatal error has been detected by the Java Runtime Environment:
#
#  SIGBUS (0xa) at pc=0x000000010f978810, pid=88957, tid=16387
#
# JRE version: Java(TM) SE Runtime Environment (9.0+181) (build 9+181)
# Java VM: Java HotSpot(TM) 64-Bit Server VM (9+181, mixed mode, tiered, compressed oops, g1 gc, bsd-amd64)
# Problematic frame:
# V  [libjvm.dylib+0x387810]  InstanceKlass::allocate_instance(Thread*)+0x56
#
# No core dump will be written. Core dumps have been disabled. To enable core dumping, try "ulimit -c unlimited" before starting Java again
#
# If you would like to submit a bug report, please visit:
#   http://bugreport.java.com/bugreport/crash.jsp
#

---------------  S U M M A R Y ------------

Command Line: -agentlib:jdwp=transport=dt_socket,address=127.0.0.1:60778,suspend=y,server=n -Dfile.encoding=UTF-8 exam.icreament_Operators

Host: MacBookPro12,1 x86_64 2700 MHz, 4 cores, 8G, Darwin 16.7.0
Time: Wed Aug 15 13:48:05 2018 EDT elapsed time: 69684 seconds (0d 19h 21m 24s)

---------------  T H R E A D  ---------------

Current thread (0x00007fd997000000):  VMThread "VM Thread" [stack: 0x000070000d24b000,0x000070000d34b000] [id=16387]

Stack: [0x000070000d24b000,0x000070000d34b000],  sp=0x000070000d34a1c0,  free space=1020k
Native frames: (J=compiled Java code, A=aot compiled Java code, j=interpreted, Vv=VM code, C=native code)
V  [libjvm.dylib+0x387810]  InstanceKlass::allocate_instance(Thread*)+0x56
V  [libjvm.dylib+0x3a3a90]  java_lang_String::basic_create(int, bool, Thread*)+0x2a
V  [libjvm.dylib+0x3a3cdf]  java_lang_String::create_from_str(char const*, Thread*)+0x61
V  [libjvm.dylib+0x2e20c1]  Exceptions::new_exception(Thread*, Symbol*, char const*, Handle, Handle, Handle, Exceptions::ExceptionMsgToUtf8Mode)+0xd5
V  [libjvm.dylib+0x2e286c]  Exceptions::new_exception(Thread*, Symbol*, char const*, Exceptions::ExceptionMsgToUtf8Mode)+0x18
V  [libjvm.dylib+0x34f98c]  GenerateOopMap::verify_error(char const*, ...)+0xe2
V  [libjvm.dylib+0x350179]  GenerateOopMap::interp_bb(BasicBlock*)+0x105
V  [libjvm.dylib+0x34fe8f]  GenerateOopMap::interp_all()+0x53
V  [libjvm.dylib+0x34fb75]  GenerateOopMap::do_interpretation()+0x4b
V  [libjvm.dylib+0x3520b7]  GenerateOopMap::compute_map(Thread*)+0x16b
V  [libjvm.dylib+0x5e8628]  OopMapForCacheEntry::compute_map(Thread*)+0x60
V  [libjvm.dylib+0x5e8d8c]  OopMapCacheEntry::fill(methodHandle, int)+0xe0
V  [libjvm.dylib+0x5e945b]  OopMapCache::compute_one_oop_map(methodHandle const&, int, InterpreterOopMap*)+0x12b
V  [libjvm.dylib+0x5e9287]  OopMapCache::lookup(methodHandle const&, int, InterpreterOopMap*) const+0xa3
V  [libjvm.dylib+0x5b25d7]  Method::mask_for(int, InterpreterOopMap*)+0x61
V  [libjvm.dylib+0x4a6ea1]  VM_GetOrSetLocal::doit()+0x49
V  [libjvm.dylib+0x746e97]  VM_Operation::evaluate()+0x8d
V  [libjvm.dylib+0x74650c]  VMThread::evaluate_operation(VM_Operation*)+0xda
V  [libjvm.dylib+0x7461fe]  VMThread::loop()+0x2f6
V  [libjvm.dylib+0x745e29]  VMThread::run()+0x75
V  [libjvm.dylib+0x5efcd3]  thread_native_entry(Thread*)+0x12b
C  [libsystem_pthread.dylib+0x393b]  _pthread_body+0xb4
C  [libsystem_pthread.dylib+0x3887]  _pthread_body+0x0
C  [libsystem_pthread.dylib+0x308d]  thread_start+0xd


siginfo: si_signo: 10 (SIGBUS), si_code: 2 (BUS_ADRERR), si_addr: 0x00007fff909e703d

Register to memory mapping:

RAX=0x0000000000000000 is an unknown value
RBX=0x0000000000000003 is an unknown value
RCX=0x000000010ff10519: UseCompressedClassPointers+0 in /Library/Java/JavaVirtualMachines/jdk-9.jdk/Contents/Home/lib/server/libjvm.dylib at 0x000000010f5f1000
RDX=0x00007fd997000000 is an unknown value
RSP=0x000070000d34a1c0 is an unknown value
RBP=0x000070000d34a210 is an unknown value
RSI=0x00007fff909e7031: GCC_except_table82+0x3f9 in /usr/lib/system/libdispatch.dylib at 0x00007fff909ba000
RDI=0x00000007c00016d0 is pointing into metadata
R8 =0x000000000000006e is an unknown value
R9 =0x0000000000000000 is an unknown value
R10=0x0000000000000000 is an unknown value
R11=0x000000010fd84e54: __cxx_global_var_init5+0x2ffe4 in /Library/Java/JavaVirtualMachines/jdk-9.jdk/Contents/Home/lib/server/libjvm.dylib at 0x000000010f5f1000
R12=0x0000000000000003 is an unknown value
R13=0x00000007c00016d0 is pointing into metadata
R14=0x0000000000000000 is an unknown value
R15=0x00007fd997000000 is an unknown value


Registers:
RAX=0x0000000000000000, RBX=0x0000000000000003, RCX=0x000000010ff10519, RDX=0x00007fd997000000
RSP=0x000070000d34a1c0, RBP=0x000070000d34a210, RSI=0x00007fff909e7031, RDI=0x00000007c00016d0
R8 =0x000000000000006e, R9 =0x0000000000000000, R10=0x0000000000000000, R11=0x000000010fd84e54
R12=0x0000000000000003, R13=0x00000007c00016d0, R14=0x0000000000000000, R15=0x00007fd997000000
RIP=0x000000010f978810, EFLAGS=0x0000000000010202, ERR=0x0000000000000006
  TRAPNO=0x000000000000000e

Top of Stack: (sp=0x000070000d34a1c0)
0x000070000d34a1c0:   0000000000000000 0000000000000000
0x000070000d34a1d0:   0000000000000000 0000000000000000
0x000070000d34a1e0:   0000000000000000 00007fd997000000
0x000070000d34a1f0:   000000000000004c 0000000000000000
0x000070000d34a200:   000070000d34a460 0000000000000001
0x000070000d34a210:   000070000d34a250 000000010f994a90
0x000070000d34a220:   000000010fecc501 00007fd997000000
0x000070000d34a230:   0000000000000000 0000000000000000
0x000070000d34a240:   000070000d34a460 000000000000004c
0x000070000d34a250:   000070000d34a290 000000010f994cdf
0x000070000d34a260:   000070000d34a370 000100010f94294c
0x000070000d34a270:   0000000000000000 00007fd997000000
0x000070000d34a280:   0000000000000000 000070000d34a460
0x000070000d34a290:   000070000d34a380 000000010f8d30c1
0x000070000d34a2a0:   b8b57ed3664f00a5 000070000d34a460
0x000070000d34a2b0:   00000001325def90 0000000000000000
0x000070000d34a2c0:   0000000000000000 0000000000000000
0x000070000d34a2d0:   0000000000000000 000000010fd84e55
0x000070000d34a2e0:   00007fd996f27c30 000000008fffffff
0x000070000d34a2f0:   0000000000000000 00000001ffffffff
0x000070000d34a300:   00007fd996c03350 000000000000000e
0x000070000d34a310:   000000010fd5d6d9 0000000000000010
0x000070000d34a320:   00007fd996c03350 000070000d34a2d8
0x000070000d34a330:   000070000d34a319 0000000800000000
0x000070000d34a340:   000070000d34a300 0000000000000000
0x000070000d34a350:   b8b57ed3664f00a5 000070000d34a858
0x000070000d34a360:   000070000d34a690 000000000000002c
0x000070000d34a370:   000070000d34a460 b8b57ed3664f00a5
0x000070000d34a380:   000070000d34a3a0 000000010f8d386c
0x000070000d34a390:   b8b57ed300000000 000070000d34a858
0x000070000d34a3a0:   000070000d34a680 000000010f94098c
0x000070000d34a3b0:   0000000000000000 0000000000000000 

Instructions: (pc=0x000000010f978810)
0x000000010f9787f0:   68 00 d7 ff 48 89 c6 31 c0 49 83 7f 08 00 0f 85
0x000000010f978800:   b6 01 00 00 48 8d 0d 0e 7d 59 00 80 39 00 74 07
0x000000010f978810:   c7 46 0c 00 00 00 00 41 83 fc 02 74 28 48 89 f7
0x000000010f978820:   48 83 c7 10 44 89 75 c4 49 89 f6 48 8d 34 dd f0 

VM_Operation (0x000070000dd6b9e8): GetOrSetLocal, mode: safepoint, requested by thread 0x00007fd99887c000


---------------  P R O C E S S  ---------------

Java Threads: ( => current thread )
  0x00007fd9980e0000 JavaThread "Service Thread" daemon [_thread_blocked, id=26627, stack(0x000070000df75000,0x000070000e075000)]
  0x00007fd997083800 JavaThread "JDWP Command Reader" daemon [_thread_in_native, id=26115, stack(0x000070000de72000,0x000070000df72000)]
  0x00007fd9980d0000 JavaThread "JDWP Event Helper Thread" daemon [_thread_blocked, id=25603, stack(0x000070000dd6f000,0x000070000de6f000)]
  0x00007fd99887c000 JavaThread "JDWP Transport Listener: dt_socket" daemon [_thread_blocked, id=25091, stack(0x000070000dc6c000,0x000070000dd6c000)]
  0x00007fd998880000 JavaThread "Common-Cleaner" daemon [_thread_blocked, id=24579, stack(0x000070000db69000,0x000070000dc69000)]
  0x00007fd99886d800 JavaThread "Sweeper thread" daemon [_thread_blocked, id=24067, stack(0x000070000da66000,0x000070000db66000)]
  0x00007fd99884c800 JavaThread "C1 CompilerThread2" daemon [_thread_blocked, id=23555, stack(0x000070000d963000,0x000070000da63000)]
  0x00007fd997026800 JavaThread "C2 CompilerThread1" daemon [_thread_blocked, id=23043, stack(0x000070000d860000,0x000070000d960000)]
  0x00007fd99781c000 JavaThread "C2 CompilerThread0" daemon [_thread_blocked, id=22531, stack(0x000070000d75d000,0x000070000d85d000)]
  0x00007fd9980aa800 JavaThread "Signal Dispatcher" daemon [_thread_blocked, id=22019, stack(0x000070000d65a000,0x000070000d75a000)]
  0x00007fd998071000 JavaThread "Finalizer" daemon [_thread_blocked, id=17411, stack(0x000070000d451000,0x000070000d551000)]
  0x00007fd997807800 JavaThread "Reference Handler" daemon [_thread_blocked, id=16899, stack(0x000070000d34e000,0x000070000d44e000)]
  0x00007fd998805800 JavaThread "main" [_thread_blocked, id=7171, stack(0x000070000c627000,0x000070000c727000)]

Other Threads:
=>0x00007fd997000000 VMThread "VM Thread" [stack: 0x000070000d24b000,0x000070000d34b000] [id=16387]
  0x00007fd9980e3800 WatcherThread [stack: 0x000070000e078000,0x000070000e178000] [id=27139]
  0x00007fd998814000 GCTaskThread "GC Thread#0" [stack: 0x000070000c72a000,0x000070000c82a000] [id=10243]
  0x00007fd998814800 GCTaskThread "GC Thread#1" [stack: 0x000070000c82d000,0x000070000c92d000] [id=10755]
  0x00007fd997809000 GCTaskThread "GC Thread#2" [stack: 0x000070000c930000,0x000070000ca30000] [id=11267]
  0x00007fd997809800 GCTaskThread "GC Thread#3" [stack: 0x000070000ca33000,0x000070000cb33000] [id=11779]
  0x00007fd99883c800 ConcurrentGCThread "G1 Main Marker" [stack: 0x000070000d045000,0x000070000d145000] [id=14851]
  0x00007fd99780b000 ConcurrentGCThread "G1 Marker#0" [stack: 0x000070000d148000,0x000070000d248000] [id=15875]
  0x00007fd998816800 ConcurrentGCThread "G1 Refine#0" [stack: 0x000070000ce3f000,0x000070000cf3f000] [id=13827]
  0x00007fd998816000 ConcurrentGCThread "G1 Refine#1" [stack: 0x000070000cd3c000,0x000070000ce3c000] [id=13315]
  0x00007fd99780a800 ConcurrentGCThread "G1 Refine#2" [stack: 0x000070000cc39000,0x000070000cd39000] [id=12803]
  0x00007fd998815000 ConcurrentGCThread "G1 Refine#3" [stack: 0x000070000cb36000,0x000070000cc36000] [id=12291]
  0x00007fd998817800 ConcurrentGCThread "G1 Young RemSet Sampling" [stack: 0x000070000cf42000,0x000070000d042000] [id=14339]

Threads with active compile tasks:

VM state:at safepoint (normal execution)

VM Mutex/Monitor currently owned by a thread:  ([mutex/lock_event])
[0x00007fd996e04140] Threads_lock - owner thread: 0x00007fd997000000

Heap address: 0x0000000740000000, size: 2048 MB, Compressed Oops mode: Zero based, Oop shift amount: 3
Narrow klass base: 0x0000000000000000, Narrow klass shift: 3
Compressed class space size: 1073741824 Address: 0x00000007c0000000

Heap:
 garbage-first heap   total 131072K, used 1024K [0x0000000740000000, 0x0000000740100400, 0x00000007c0000000)
  region size 1024K, 2 young (2048K), 0 survivors (0K)
 Metaspace       used 4085K, capacity 4500K, committed 4864K, reserved 1056768K
  class space    used 360K, capacity 388K, committed 512K, reserved 1048576K
Heap Regions: E=young(eden), S=young(survivor), O=old, HS=humongous(starts), HC=humongous(continues), CS=collection set, F=free, A=archive, TS=gc time stamp, AC=allocation context, TAMS=top-at-mark-start (previous, next)
|   0|0x0000000740000000, 0x0000000740000000, 0x0000000740100000|  0%| F|  |TS  0|AC  0|TAMS 0x0000000740000000, 0x0000000740000000|
|   1|0x0000000740100000, 0x0000000740100000, 0x0000000740200000|  0%| F|  |TS  0|AC  0|TAMS 0x0000000740100000, 0x0000000740100000|
|   2|0x0000000740200000, 0x0000000740200000, 0x0000000740300000|  0%| F|  |TS  0|AC  0|TAMS 0x0000000740200000, 0x0000000740200000|
|   3|0x0000000740300000, 0x0000000740300000, 0x0000000740400000|  0%| F|  |TS  0|AC  0|TAMS 0x0000000740300000, 0x0000000740300000|
|   4|0x0000000740400000, 0x0000000740400000, 0x0000000740500000|  0%| F|  |TS  0|AC  0|TAMS 0x0000000740400000, 0x0000000740400000|
|   5|0x0000000740500000, 0x0000000740500000, 0x0000000740600000|  0%| F|  |TS  0|AC  0|TAMS 0x0000000740500000, 0x0000000740500000|
|   6|0x0000000740600000, 0x0000000740600000, 0x0000000740700000|  0%| F|  |TS  0|AC  0|TAMS 0x0000000740600000, 0x0000000740600000|
|   7|0x0000000740700000, 0x0000000740700000, 0x0000000740800000|  0%| F|  |TS  0|AC  0|TAMS 0x0000000740700000, 0x0000000740700000|
|   8|0x0000000740800000, 0x0000000740800000, 0x0000000740900000|  0%| F|  |TS  0|AC  0|TAMS 0x0000000740800000, 0x0000000740800000|
|   9|0x0000000740900000, 0x0000000740900000, 0x0000000740a00000|  0%| F|  |TS  0|AC  0|TAMS 0x0000000740900000, 0x0000000740900000|
|  10|0x0000000740a00000, 0x0000000740a00000, 0x0000000740b00000|  0%| F|  |TS  0|AC  0|TAMS 0x0000000740a00000, 0x0000000740a00000|
|  11|0x0000000740b00000, 0x0000000740b00000, 0x0000000740c00000|  0%| F|  |TS  0|AC  0|TAMS 0x0000000740b00000, 0x0000000740b00000|
|  12|0x0000000740c00000, 0x0000000740c00000, 0x0000000740d00000|  0%| F|  |TS  0|AC  0|TAMS 0x0000000740c00000, 0x0000000740c00000|
|  13|0x0000000740d00000, 0x0000000740d00000, 0x0000000740e00000|  0%| F|  |TS  0|AC  0|TAMS 0x0000000740d00000, 0x0000000740d00000|
|  14|0x0000000740e00000, 0x0000000740e00000, 0x0000000740f00000|  0%| F|  |TS  0|AC  0|TAMS 0x0000000740e00000, 0x0000000740e00000|
|  15|0x0000000740f00000, 0x0000000740f00000, 0x0000000741000000|  0%| F|  |TS  0|AC  0|TAMS 0x0000000740f00000, 0x0000000740f00000|
|  16|0x0000000741000000, 0x0000000741000000, 0x0000000741100000|  0%| F|  |TS  0|AC  0|TAMS 0x0000000741000000, 0x0000000741000000|
|  17|0x0000000741100000, 0x0000000741100000, 0x0000000741200000|  0%| F|  |TS  0|AC  0|TAMS 0x0000000741100000, 0x0000000741100000|
|  18|0x0000000741200000, 0x0000000741200000, 0x0000000741300000|  0%| F|  |TS  0|AC  0|TAMS 0x0000000741200000, 0x0000000741200000|
|  19|0x0000000741300000, 0x0000000741300000, 0x0000000741400000|  0%| F|  |TS  0|AC  0|TAMS 0x0000000741300000, 0x0000000741300000|
|  20|0x0000000741400000, 0x0000000741400000, 0x0000000741500000|  0%| F|  |TS  0|AC  0|TAMS 0x0000000741400000, 0x0000000741400000|
|  21|0x0000000741500000, 0x0000000741500000, 0x0000000741600000|  0%| F|  |TS  0|AC  0|TAMS 0x0000000741500000, 0x0000000741500000|
|  22|0x0000000741600000, 0x0000000741600000, 0x0000000741700000|  0%| F|  |TS  0|AC  0|TAMS 0x0000000741600000, 0x0000000741600000|
|  23|0x0000000741700000, 0x0000000741700000, 0x0000000741800000|  0%| F|  |TS  0|AC  0|TAMS 0x0000000741700000, 0x0000000741700000|
|  24|0x0000000741800000, 0x0000000741800000, 0x0000000741900000|  0%| F|  |TS  0|AC  0|TAMS 0x0000000741800000, 0x0000000741800000|
|  25|0x0000000741900000, 0x0000000741900000, 0x0000000741a00000|  0%| F|  |TS  0|AC  0|TAMS 0x0000000741900000, 0x0000000741900000|
|  26|0x0000000741a00000, 0x0000000741a00000, 0x0000000741b00000|  0%| F|  |TS  0|AC  0|TAMS 0x0000000741a00000, 0x0000000741a00000|
|  27|0x0000000741b00000, 0x0000000741b00000, 0x0000000741c00000|  0%| F|  |TS  0|AC  0|TAMS 0x0000000741b00000, 0x0000000741b00000|
|  28|0x0000000741c00000, 0x0000000741c00000, 0x0000000741d00000|  0%| F|  |TS  0|AC  0|TAMS 0x0000000741c00000, 0x0000000741c00000|
|  29|0x0000000741d00000, 0x0000000741d00000, 0x0000000741e00000|  0%| F|  |TS  0|AC  0|TAMS 0x0000000741d00000, 0x0000000741d00000|
|  30|0x0000000741e00000, 0x0000000741e00000, 0x0000000741f00000|  0%| F|  |TS  0|AC  0|TAMS 0x0000000741e00000, 0x0000000741e00000|
|  31|0x0000000741f00000, 0x0000000741f00000, 0x0000000742000000|  0%| F|  |TS  0|AC  0|TAMS 0x0000000741f00000, 0x0000000741f00000|
|  32|0x0000000742000000, 0x0000000742000000, 0x0000000742100000|  0%| F|  |TS  0|AC  0|TAMS 0x0000000742000000, 0x0000000742000000|
|  33|0x0000000742100000, 0x0000000742100000, 0x0000000742200000|  0%| F|  |TS  0|AC  0|TAMS 0x0000000742100000, 0x0000000742100000|
|  34|0x0000000742200000, 0x0000000742200000, 0x0000000742300000|  0%| F|  |TS  0|AC  0|TAMS 0x0000000742200000, 0x0000000742200000|
|  35|0x0000000742300000, 0x0000000742300000, 0x0000000742400000|  0%| F|  |TS  0|AC  0|TAMS 0x0000000742300000, 0x0000000742300000|
|  36|0x0000000742400000, 0x0000000742400000, 0x0000000742500000|  0%| F|  |TS  0|AC  0|TAMS 0x0000000742400000, 0x0000000742400000|
|  37|0x0000000742500000, 0x0000000742500000, 0x0000000742600000|  0%| F|  |TS  0|AC  0|TAMS 0x0000000742500000, 0x0000000742500000|
|  38|0x0000000742600000, 0x0000000742600000, 0x0000000742700000|  0%| F|  |TS  0|AC  0|TAMS 0x0000000742600000, 0x0000000742600000|
|  39|0x0000000742700000, 0x0000000742700000, 0x0000000742800000|  0%| F|  |TS  0|AC  0|TAMS 0x0000000742700000, 0x0000000742700000|
|  40|0x0000000742800000, 0x0000000742800000, 0x0000000742900000|  0%| F|  |TS  0|AC  0|TAMS 0x0000000742800000, 0x0000000742800000|
|  41|0x0000000742900000, 0x0000000742900000, 0x0000000742a00000|  0%| F|  |TS  0|AC  0|TAMS 0x0000000742900000, 0x0000000742900000|
|  42|0x0000000742a00000, 0x0000000742a00000, 0x0000000742b00000|  0%| F|  |TS  0|AC  0|TAMS 0x0000000742a00000, 0x0000000742a00000|
|  43|0x0000000742b00000, 0x0000000742b00000, 0x0000000742c00000|  0%| F|  |TS  0|AC  0|TAMS 0x0000000742b00000, 0x0000000742b00000|
|  44|0x0000000742c00000, 0x0000000742c00000, 0x0000000742d00000|  0%| F|  |TS  0|AC  0|TAMS 0x0000000742c00000, 0x0000000742c00000|
|  45|0x0000000742d00000, 0x0000000742d00000, 0x0000000742e00000|  0%| F|  |TS  0|AC  0|TAMS 0x0000000742d00000, 0x0000000742d00000|
|  46|0x0000000742e00000, 0x0000000742e00000, 0x0000000742f00000|  0%| F|  |TS  0|AC  0|TAMS 0x0000000742e00000, 0x0000000742e00000|
|  47|0x0000000742f00000, 0x0000000742f00000, 0x0000000743000000|  0%| F|  |TS  0|AC  0|TAMS 0x0000000742f00000, 0x0000000742f00000|
|  48|0x0000000743000000, 0x0000000743000000, 0x0000000743100000|  0%| F|  |TS  0|AC  0|TAMS 0x0000000743000000, 0x0000000743000000|
|  49|0x0000000743100000, 0x0000000743100000, 0x0000000743200000|  0%| F|  |TS  0|AC  0|TAMS 0x0000000743100000, 0x0000000743100000|
|  50|0x0000000743200000, 0x0000000743200000, 0x0000000743300000|  0%| F|  |TS  0|AC  0|TAMS 0x0000000743200000, 0x0000000743200000|
|  51|0x0000000743300000, 0x0000000743300000, 0x0000000743400000|  0%| F|  |TS  0|AC  0|TAMS 0x0000000743300000, 0x0000000743300000|
|  52|0x0000000743400000, 0x0000000743400000, 0x0000000743500000|  0%| F|  |TS  0|AC  0|TAMS 0x0000000743400000, 0x0000000743400000|
|  53|0x0000000743500000, 0x0000000743500000, 0x0000000743600000|  0%| F|  |TS  0|AC  0|TAMS 0x0000000743500000, 0x0000000743500000|
|  54|0x0000000743600000, 0x0000000743600000, 0x0000000743700000|  0%| F|  |TS  0|AC  0|TAMS 0x0000000743600000, 0x0000000743600000|
|  55|0x0000000743700000, 0x0000000743700000, 0x0000000743800000|  0%| F|  |TS  0|AC  0|TAMS 0x0000000743700000, 0x0000000743700000|
|  56|0x0000000743800000, 0x0000000743800000, 0x0000000743900000|  0%| F|  |TS  0|AC  0|TAMS 0x0000000743800000, 0x0000000743800000|
|  57|0x0000000743900000, 0x0000000743900000, 0x0000000743a00000|  0%| F|  |TS  0|AC  0|TAMS 0x0000000743900000, 0x0000000743900000|
|  58|0x0000000743a00000, 0x0000000743a00000, 0x0000000743b00000|  0%| F|  |TS  0|AC  0|TAMS 0x0000000743a00000, 0x0000000743a00000|
|  59|0x0000000743b00000, 0x0000000743b00000, 0x0000000743c00000|  0%| F|  |TS  0|AC  0|TAMS 0x0000000743b00000, 0x0000000743b00000|
|  60|0x0000000743c00000, 0x0000000743c00000, 0x0000000743d00000|  0%| F|  |TS  0|AC  0|TAMS 0x0000000743c00000, 0x0000000743c00000|
|  61|0x0000000743d00000, 0x0000000743d00000, 0x0000000743e00000|  0%| F|  |TS  0|AC  0|TAMS 0x0000000743d00000, 0x0000000743d00000|
|  62|0x0000000743e00000, 0x0000000743e00000, 0x0000000743f00000|  0%| F|  |TS  0|AC  0|TAMS 0x0000000743e00000, 0x0000000743e00000|
|  63|0x0000000743f00000, 0x0000000743f00000, 0x0000000744000000|  0%| F|  |TS  0|AC  0|TAMS 0x0000000743f00000, 0x0000000743f00000|
|  64|0x0000000744000000, 0x0000000744000000, 0x0000000744100000|  0%| F|  |TS  0|AC  0|TAMS 0x0000000744000000, 0x0000000744000000|
|  65|0x0000000744100000, 0x0000000744100000, 0x0000000744200000|  0%| F|  |TS  0|AC  0|TAMS 0x0000000744100000, 0x0000000744100000|
|  66|0x0000000744200000, 0x0000000744200000, 0x0000000744300000|  0%| F|  |TS  0|AC  0|TAMS 0x0000000744200000, 0x0000000744200000|
|  67|0x0000000744300000, 0x0000000744300000, 0x0000000744400000|  0%| F|  |TS  0|AC  0|TAMS 0x0000000744300000, 0x0000000744300000|
|  68|0x0000000744400000, 0x0000000744400000, 0x0000000744500000|  0%| F|  |TS  0|AC  0|TAMS 0x0000000744400000, 0x0000000744400000|
|  69|0x0000000744500000, 0x0000000744500000, 0x0000000744600000|  0%| F|  |TS  0|AC  0|TAMS 0x0000000744500000, 0x0000000744500000|
|  70|0x0000000744600000, 0x0000000744600000, 0x0000000744700000|  0%| F|  |TS  0|AC  0|TAMS 0x0000000744600000, 0x0000000744600000|
|  71|0x0000000744700000, 0x0000000744700000, 0x0000000744800000|  0%| F|  |TS  0|AC  0|TAMS 0x0000000744700000, 0x0000000744700000|
|  72|0x0000000744800000, 0x0000000744800000, 0x0000000744900000|  0%| F|  |TS  0|AC  0|TAMS 0x0000000744800000, 0x0000000744800000|
|  73|0x0000000744900000, 0x0000000744900000, 0x0000000744a00000|  0%| F|  |TS  0|AC  0|TAMS 0x0000000744900000, 0x0000000744900000|
|  74|0x0000000744a00000, 0x0000000744a00000, 0x0000000744b00000|  0%| F|  |TS  0|AC  0|TAMS 0x0000000744a00000, 0x0000000744a00000|
|  75|0x0000000744b00000, 0x0000000744b00000, 0x0000000744c00000|  0%| F|  |TS  0|AC  0|TAMS 0x0000000744b00000, 0x0000000744b00000|
|  76|0x0000000744c00000, 0x0000000744c00000, 0x0000000744d00000|  0%| F|  |TS  0|AC  0|TAMS 0x0000000744c00000, 0x0000000744c00000|
|  77|0x0000000744d00000, 0x0000000744d00000, 0x0000000744e00000|  0%| F|  |TS  0|AC  0|TAMS 0x0000000744d00000, 0x0000000744d00000|
|  78|0x0000000744e00000, 0x0000000744e00000, 0x0000000744f00000|  0%| F|  |TS  0|AC  0|TAMS 0x0000000744e00000, 0x0000000744e00000|
|  79|0x0000000744f00000, 0x0000000744f00000, 0x0000000745000000|  0%| F|  |TS  0|AC  0|TAMS 0x0000000744f00000, 0x0000000744f00000|
|  80|0x0000000745000000, 0x0000000745000000, 0x0000000745100000|  0%| F|  |TS  0|AC  0|TAMS 0x0000000745000000, 0x0000000745000000|
|  81|0x0000000745100000, 0x0000000745100000, 0x0000000745200000|  0%| F|  |TS  0|AC  0|TAMS 0x0000000745100000, 0x0000000745100000|
|  82|0x0000000745200000, 0x0000000745200000, 0x0000000745300000|  0%| F|  |TS  0|AC  0|TAMS 0x0000000745200000, 0x0000000745200000|
|  83|0x0000000745300000, 0x0000000745300000, 0x0000000745400000|  0%| F|  |TS  0|AC  0|TAMS 0x0000000745300000, 0x0000000745300000|
|  84|0x0000000745400000, 0x0000000745400000, 0x0000000745500000|  0%| F|  |TS  0|AC  0|TAMS 0x0000000745400000, 0x0000000745400000|
|  85|0x0000000745500000, 0x0000000745500000, 0x0000000745600000|  0%| F|  |TS  0|AC  0|TAMS 0x0000000745500000, 0x0000000745500000|
|  86|0x0000000745600000, 0x0000000745600000, 0x0000000745700000|  0%| F|  |TS  0|AC  0|TAMS 0x0000000745600000, 0x0000000745600000|
|  87|0x0000000745700000, 0x0000000745700000, 0x0000000745800000|  0%| F|  |TS  0|AC  0|TAMS 0x0000000745700000, 0x0000000745700000|
|  88|0x0000000745800000, 0x0000000745800000, 0x0000000745900000|  0%| F|  |TS  0|AC  0|TAMS 0x0000000745800000, 0x0000000745800000|
|  89|0x0000000745900000, 0x0000000745900000, 0x0000000745a00000|  0%| F|  |TS  0|AC  0|TAMS 0x0000000745900000, 0x0000000745900000|
|  90|0x0000000745a00000, 0x0000000745a00000, 0x0000000745b00000|  0%| F|  |TS  0|AC  0|TAMS 0x0000000745a00000, 0x0000000745a00000|
|  91|0x0000000745b00000, 0x0000000745b00000, 0x0000000745c00000|  0%| F|  |TS  0|AC  0|TAMS 0x0000000745b00000, 0x0000000745b00000|
|  92|0x0000000745c00000, 0x0000000745c00000, 0x0000000745d00000|  0%| F|  |TS  0|AC  0|TAMS 0x0000000745c00000, 0x0000000745c00000|
|  93|0x0000000745d00000, 0x0000000745d00000, 0x0000000745e00000|  0%| F|  |TS  0|AC  0|TAMS 0x0000000745d00000, 0x0000000745d00000|
|  94|0x0000000745e00000, 0x0000000745e00000, 0x0000000745f00000|  0%| F|  |TS  0|AC  0|TAMS 0x0000000745e00000, 0x0000000745e00000|
|  95|0x0000000745f00000, 0x0000000745f00000, 0x0000000746000000|  0%| F|  |TS  0|AC  0|TAMS 0x0000000745f00000, 0x0000000745f00000|
|  96|0x0000000746000000, 0x0000000746000000, 0x0000000746100000|  0%| F|  |TS  0|AC  0|TAMS 0x0000000746000000, 0x0000000746000000|
|  97|0x0000000746100000, 0x0000000746100000, 0x0000000746200000|  0%| F|  |TS  0|AC  0|TAMS 0x0000000746100000, 0x0000000746100000|
|  98|0x0000000746200000, 0x0000000746200000, 0x0000000746300000|  0%| F|  |TS  0|AC  0|TAMS 0x0000000746200000, 0x0000000746200000|
|  99|0x0000000746300000, 0x0000000746300000, 0x0000000746400000|  0%| F|  |TS  0|AC  0|TAMS 0x0000000746300000, 0x0000000746300000|
| 100|0x0000000746400000, 0x0000000746400000, 0x0000000746500000|  0%| F|  |TS  0|AC  0|TAMS 0x0000000746400000, 0x0000000746400000|
| 101|0x0000000746500000, 0x0000000746500000, 0x0000000746600000|  0%| F|  |TS  0|AC  0|TAMS 0x0000000746500000, 0x0000000746500000|
| 102|0x0000000746600000, 0x0000000746600000, 0x0000000746700000|  0%| F|  |TS  0|AC  0|TAMS 0x0000000746600000, 0x0000000746600000|
| 103|0x0000000746700000, 0x0000000746700000, 0x0000000746800000|  0%| F|  |TS  0|AC  0|TAMS 0x0000000746700000, 0x0000000746700000|
| 104|0x0000000746800000, 0x0000000746800000, 0x0000000746900000|  0%| F|  |TS  0|AC  0|TAMS 0x0000000746800000, 0x0000000746800000|
| 105|0x0000000746900000, 0x0000000746900000, 0x0000000746a00000|  0%| F|  |TS  0|AC  0|TAMS 0x0000000746900000, 0x0000000746900000|
| 106|0x0000000746a00000, 0x0000000746a00000, 0x0000000746b00000|  0%| F|  |TS  0|AC  0|TAMS 0x0000000746a00000, 0x0000000746a00000|
| 107|0x0000000746b00000, 0x0000000746b00000, 0x0000000746c00000|  0%| F|  |TS  0|AC  0|TAMS 0x0000000746b00000, 0x0000000746b00000|
| 108|0x0000000746c00000, 0x0000000746c00000, 0x0000000746d00000|  0%| F|  |TS  0|AC  0|TAMS 0x0000000746c00000, 0x0000000746c00000|
| 109|0x0000000746d00000, 0x0000000746d00000, 0x0000000746e00000|  0%| F|  |TS  0|AC  0|TAMS 0x0000000746d00000, 0x0000000746d00000|
| 110|0x0000000746e00000, 0x0000000746e00000, 0x0000000746f00000|  0%| F|  |TS  0|AC  0|TAMS 0x0000000746e00000, 0x0000000746e00000|
| 111|0x0000000746f00000, 0x0000000746f00000, 0x0000000747000000|  0%| F|  |TS  0|AC  0|TAMS 0x0000000746f00000, 0x0000000746f00000|
| 112|0x0000000747000000, 0x0000000747000000, 0x0000000747100000|  0%| F|  |TS  0|AC  0|TAMS 0x0000000747000000, 0x0000000747000000|
| 113|0x0000000747100000, 0x0000000747100000, 0x0000000747200000|  0%| F|  |TS  0|AC  0|TAMS 0x0000000747100000, 0x0000000747100000|
| 114|0x0000000747200000, 0x0000000747200000, 0x0000000747300000|  0%| F|  |TS  0|AC  0|TAMS 0x0000000747200000, 0x0000000747200000|
| 115|0x0000000747300000, 0x0000000747300000, 0x0000000747400000|  0%| F|  |TS  0|AC  0|TAMS 0x0000000747300000, 0x0000000747300000|
| 116|0x0000000747400000, 0x0000000747400000, 0x0000000747500000|  0%| F|  |TS  0|AC  0|TAMS 0x0000000747400000, 0x0000000747400000|
| 117|0x0000000747500000, 0x0000000747500000, 0x0000000747600000|  0%| F|  |TS  0|AC  0|TAMS 0x0000000747500000, 0x0000000747500000|
| 118|0x0000000747600000, 0x0000000747600000, 0x0000000747700000|  0%| F|  |TS  0|AC  0|TAMS 0x0000000747600000, 0x0000000747600000|
| 119|0x0000000747700000, 0x0000000747700000, 0x0000000747800000|  0%| F|  |TS  0|AC  0|TAMS 0x0000000747700000, 0x0000000747700000|
| 120|0x0000000747800000, 0x0000000747800000, 0x0000000747900000|  0%| F|  |TS  0|AC  0|TAMS 0x0000000747800000, 0x0000000747800000|
| 121|0x0000000747900000, 0x0000000747900000, 0x0000000747a00000|  0%| F|  |TS  0|AC  0|TAMS 0x0000000747900000, 0x0000000747900000|
| 122|0x0000000747a00000, 0x0000000747a00000, 0x0000000747b00000|  0%| F|  |TS  0|AC  0|TAMS 0x0000000747a00000, 0x0000000747a00000|
| 123|0x0000000747b00000, 0x0000000747b00000, 0x0000000747c00000|  0%| F|  |TS  0|AC  0|TAMS 0x0000000747b00000, 0x0000000747b00000|
| 124|0x0000000747c00000, 0x0000000747c00000, 0x0000000747d00000|  0%| F|  |TS  0|AC  0|TAMS 0x0000000747c00000, 0x0000000747c00000|
| 125|0x0000000747d00000, 0x0000000747d00000, 0x0000000747e00000|  0%| F|  |TS  0|AC  0|TAMS 0x0000000747d00000, 0x0000000747d00000|
| 126|0x0000000747e00000, 0x0000000747edb158, 0x0000000747f00000| 85%| E|  |TS  0|AC  0|TAMS 0x0000000747e00000, 0x0000000747e00000|
| 127|0x0000000747f00000, 0x0000000748000000, 0x0000000748000000|100%| E|CS|TS  0|AC  0|TAMS 0x0000000747f00000, 0x0000000747f00000|

Card table byte_map: [0x00000001119d6000,0x0000000111dd6000] byte_map_base: 0x000000010dfd6000

Marking Bits (Prev, Next): (CMBitMap*) 0x00007fd99883ba70, (CMBitMap*) 0x00007fd99883baa8
 Prev Bits: [0x00000001121d6000, 0x00000001141d6000)
 Next Bits: [0x00000001141d6000, 0x00000001161d6000)

Polling page: 0x00000001102c5000

CodeHeap 'non-profiled nmethods': size=120032Kb used=44Kb max_used=44Kb free=119988Kb
 bounds [0x000000012a8a6000, 0x000000012ab16000, 0x0000000131dde000]
CodeHeap 'profiled nmethods': size=120032Kb used=193Kb max_used=193Kb free=119838Kb
 bounds [0x000000012336e000, 0x00000001235de000, 0x000000012a8a6000]
CodeHeap 'non-nmethods': size=5696Kb used=1132Kb max_used=1140Kb free=4563Kb
 bounds [0x0000000122dde000, 0x000000012304e000, 0x000000012336e000]
 total_blobs=463 nmethods=153 adapters=168
 compilation: enabled

Compilation events (10 events):
Event: 0.589 Thread 0x00007fd99884c800  149       3       java.lang.Character::toLowerCase (9 bytes)
Event: 0.589 Thread 0x00007fd99884c800 nmethod 149 0x000000012339c510 code [0x000000012339c6e0, 0x000000012339c918]
Event: 0.589 Thread 0x00007fd99884c800  150       3       java.lang.CharacterDataLatin1::toLowerCase (39 bytes)
Event: 0.590 Thread 0x00007fd99884c800 nmethod 150 0x000000012339ca10 code [0x000000012339cbc0, 0x000000012339ce50]
Event: 0.595 Thread 0x00007fd99884c800  151       3       java.lang.StringBuilder::append (8 bytes)
Event: 0.595 Thread 0x00007fd99884c800 nmethod 151 0x000000012339cf90 code [0x000000012339d140, 0x000000012339d2e8]
Event: 0.595 Thread 0x00007fd99884c800  152       3       java.lang.AbstractStringBuilder::append (77 bytes)
Event: 0.596 Thread 0x00007fd99884c800 nmethod 152 0x000000012339d390 code [0x000000012339d5c0, 0x000000012339dda8]
Event: 0.598 Thread 0x00007fd99884c800  153       3       java.lang.String::<init> (15 bytes)
Event: 0.598 Thread 0x00007fd99884c800 nmethod 153 0x000000012339e010 code [0x000000012339e1c0, 0x000000012339e3d0]

GC Heap History (0 events):
No events

Deoptimization events (0 events):
No events

Classes redefined (4 events):
Event: 43.126 Thread 0x00007fd997000000 redefined class name=exam.icreament_Operators, count=1
Event: 48509.093 Thread 0x00007fd997000000 redefined class name=exam.icreament_Operators, count=2
Event: 67789.828 Thread 0x00007fd997000000 redefined class name=exam.icreament_Operators, count=3
Event: 69683.730 Thread 0x00007fd997000000 redefined class name=exam.icreament_Operators, count=4

Internal exceptions (0 events):
No events

Events (10 events):
Event: 69683.737 Executing VM operation: GetFrameCount done
Event: 69683.737 Executing VM operation: GetFrameLocation
Event: 69683.737 Executing VM operation: GetFrameLocation done
Event: 69683.843 Executing VM operation: ChangeBreakpoints
Event: 69683.843 Executing VM operation: ChangeBreakpoints done
Event: 69683.845 Executing VM operation: ChangeBreakpoints
Event: 69683.845 Executing VM operation: ChangeBreakpoints done
Event: 69683.848 Executing VM operation: ChangeBreakpoints
Event: 69683.848 Executing VM operation: ChangeBreakpoints done
Event: 69684.087 Executing VM operation: GetOrSetLocal


Dynamic libraries:
0x00007fff7ac46000 	/System/Library/Frameworks/Cocoa.framework/Versions/A/Cocoa
0x00007fff814ea000 	/System/Library/Frameworks/Security.framework/Versions/A/Security
0x00007fff79aff000 	/System/Library/Frameworks/ApplicationServices.framework/Versions/A/ApplicationServices
0x00007fff908f5000 	/usr/lib/libz.1.dylib
0x00007fff8f448000 	/usr/lib/libSystem.B.dylib
0x00007fff7b1dc000 	/System/Library/Frameworks/CoreFoundation.framework/Versions/A/CoreFoundation
0x00007fff7cc54000 	/System/Library/Frameworks/Foundation.framework/Versions/C/Foundation
0x00007fff900f6000 	/usr/lib/libobjc.A.dylib
0x00007fff78d14000 	/System/Library/Frameworks/AppKit.framework/Versions/C/AppKit
0x00007fff7ae32000 	/System/Library/Frameworks/CoreData.framework/Versions/A/CoreData
0x00007fff8beca000 	/System/Library/PrivateFrameworks/RemoteViewServices.framework/Versions/A/RemoteViewServices
0x00007fff8deb8000 	/System/Library/PrivateFrameworks/UIFoundation.framework/Versions/A/UIFoundation
0x00007fff8726a000 	/System/Library/PrivateFrameworks/DFRFoundation.framework/Versions/A/DFRFoundation
0x00007fff8fa39000 	/usr/lib/libenergytrace.dylib
0x00007fff8ccf7000 	/System/Library/PrivateFrameworks/SkyLight.framework/Versions/A/SkyLight
0x00007fff7b676000 	/System/Library/Frameworks/CoreGraphics.framework/Versions/A/CoreGraphics
0x00007fff8f443000 	/usr/lib/libScreenReader.dylib
0x00007fff77d36000 	/System/Library/Frameworks/Accelerate.framework/Versions/A/Accelerate
0x00007fff7d252000 	/System/Library/Frameworks/IOSurface.framework/Versions/A/IOSurface
0x00007fff7a022000 	/System/Library/Frameworks/AudioToolbox.framework/Versions/A/AudioToolbox
0x00007fff7a22f000 	/System/Library/Frameworks/AudioUnit.framework/Versions/A/AudioUnit
0x00007fff872af000 	/System/Library/PrivateFrameworks/DataDetectorsCore.framework/Versions/A/DataDetectorsCore
0x00007fff873a0000 	/System/Library/PrivateFrameworks/DesktopServicesPriv.framework/Versions/A/DesktopServicesPriv
0x00007fff7a793000 	/System/Library/Frameworks/Carbon.framework/Versions/A/Frameworks/HIToolbox.framework/Versions/A/HIToolbox
0x00007fff8fb42000 	/usr/lib/libicucore.A.dylib
0x00007fff80d81000 	/System/Library/Frameworks/QuartzCore.framework/Versions/A/QuartzCore
0x00007fff7ab5f000 	/System/Library/Frameworks/Carbon.framework/Versions/A/Frameworks/SpeechRecognition.framework/Versions/A/SpeechRecognition
0x00007fff8f561000 	/usr/lib/libauto.dylib
0x00007fff907db000 	/usr/lib/libxml2.2.dylib
0x00007fff86f24000 	/System/Library/PrivateFrameworks/CoreUI.framework/Versions/A/CoreUI
0x00007fff7ad90000 	/System/Library/Frameworks/CoreAudio.framework/Versions/A/CoreAudio
0x00007fff7cabd000 	/System/Library/Frameworks/DiskArbitration.framework/Versions/A/DiskArbitration
0x00007fff8fd6d000 	/usr/lib/liblangid.dylib
0x00007fff8adb1000 	/System/Library/PrivateFrameworks/MultitouchSupport.framework/Versions/A/MultitouchSupport
0x00007fff7d1bb000 	/System/Library/Frameworks/IOKit.framework/Versions/A/IOKit
0x00007fff8f209000 	/usr/lib/libDiagnosticMessagesClient.dylib
0x00007fff7c0a1000 	/System/Library/Frameworks/CoreServices.framework/Versions/A/CoreServices
0x00007fff8b76e000 	/System/Library/PrivateFrameworks/PerformanceAnalysis.framework/Versions/A/PerformanceAnalysis
0x00007fff891f2000 	/System/Library/PrivateFrameworks/GenerationalStorage.framework/Versions/A/GenerationalStorage
0x00007fff80221000 	/System/Library/Frameworks/OpenGL.framework/Versions/A/OpenGL
0x00007fff7bcf9000 	/System/Library/Frameworks/CoreImage.framework/Versions/A/CoreImage
0x00007fff7c7ca000 	/System/Library/Frameworks/CoreText.framework/Versions/A/CoreText
0x00007fff7d2ab000 	/System/Library/Frameworks/ImageIO.framework/Versions/A/ImageIO
0x00007fff84ae1000 	/System/Library/PrivateFrameworks/Backup.framework/Versions/A/Backup
0x00007fff8f4b5000 	/usr/lib/libarchive.2.dylib
0x00007fff7a398000 	/System/Library/Frameworks/CFNetwork.framework/Versions/A/CFNetwork
0x00007fff81c17000 	/System/Library/Frameworks/SystemConfiguration.framework/Versions/A/SystemConfiguration
0x00007fff8f150000 	/usr/lib/libCRFSuite.dylib
0x00007fff8f582000 	/usr/lib/libc++.1.dylib
0x00007fff8f5d9000 	/usr/lib/libc++abi.dylib
0x00007fff90915000 	/usr/lib/system/libcache.dylib
0x00007fff9091a000 	/usr/lib/system/libcommonCrypto.dylib
0x00007fff90925000 	/usr/lib/system/libcompiler_rt.dylib
0x00007fff9092d000 	/usr/lib/system/libcopyfile.dylib
0x00007fff90936000 	/usr/lib/system/libcorecrypto.dylib
0x00007fff909ba000 	/usr/lib/system/libdispatch.dylib
0x00007fff909ec000 	/usr/lib/system/libdyld.dylib
0x00007fff909f2000 	/usr/lib/system/libkeymgr.dylib
0x00007fff90a00000 	/usr/lib/system/liblaunch.dylib
0x00007fff90a01000 	/usr/lib/system/libmacho.dylib
0x00007fff90a07000 	/usr/lib/system/libquarantine.dylib
0x00007fff90a0a000 	/usr/lib/system/libremovefile.dylib
0x00007fff90a0c000 	/usr/lib/system/libsystem_asl.dylib
0x00007fff90a25000 	/usr/lib/system/libsystem_blocks.dylib
0x00007fff90a26000 	/usr/lib/system/libsystem_c.dylib
0x00007fff90ab4000 	/usr/lib/system/libsystem_configuration.dylib
0x00007fff90ab8000 	/usr/lib/system/libsystem_coreservices.dylib
0x00007fff90abc000 	/usr/lib/system/libsystem_coretls.dylib
0x00007fff90ad5000 	/usr/lib/system/libsystem_dnssd.dylib
0x00007fff90adc000 	/usr/lib/system/libsystem_info.dylib
0x00007fff90b06000 	/usr/lib/system/libsystem_kernel.dylib
0x00007fff90b29000 	/usr/lib/system/libsystem_m.dylib
0x00007fff90b71000 	/usr/lib/system/libsystem_malloc.dylib
0x00007fff90b90000 	/usr/lib/system/libsystem_network.dylib
0x00007fff90bea000 	/usr/lib/system/libsystem_networkextension.dylib
0x00007fff90bf4000 	/usr/lib/system/libsystem_notify.dylib
0x00007fff90bfe000 	/usr/lib/system/libsystem_platform.dylib
0x00007fff90c07000 	/usr/lib/system/libsystem_pthread.dylib
0x00007fff90c12000 	/usr/lib/system/libsystem_sandbox.dylib
0x00007fff90c16000 	/usr/lib/system/libsystem_secinit.dylib
0x00007fff90c18000 	/usr/lib/system/libsystem_symptoms.dylib
0x00007fff90c20000 	/usr/lib/system/libsystem_trace.dylib
0x00007fff90c34000 	/usr/lib/system/libunwind.dylib
0x00007fff90c3a000 	/usr/lib/system/libxpc.dylib
0x00007fff8f562000 	/usr/lib/libbsm.0.dylib
0x00007fff909f3000 	/usr/lib/system/libkxld.dylib
0x00007fff8f62b000 	/usr/lib/libcoretls.dylib
0x00007fff8f62c000 	/usr/lib/libcoretls_cfhelpers.dylib
0x00007fff8f442000 	/usr/lib/libOpenScriptingUtil.dylib
0x00007fff904cb000 	/usr/lib/libpam.2.dylib
0x00007fff9058a000 	/usr/lib/libsqlite3.dylib
0x00007fff907cd000 	/usr/lib/libxar.1.dylib
0x00007fff8f573000 	/usr/lib/libbz2.1.0.dylib
0x00007fff8fd6f000 	/usr/lib/liblzma.5.dylib
0x00007fff9007b000 	/usr/lib/libnetwork.dylib
0x00007fff904d0000 	/usr/lib/libpcap.A.dylib
0x00007fff7c404000 	/System/Library/Frameworks/CoreServices.framework/Versions/A/Frameworks/FSEvents.framework/Versions/A/FSEvents
0x00007fff7c0f4000 	/System/Library/Frameworks/CoreServices.framework/Versions/A/Frameworks/CarbonCore.framework/Versions/A/CarbonCore
0x00007fff7c57a000 	/System/Library/Frameworks/CoreServices.framework/Versions/A/Frameworks/Metadata.framework/Versions/A/Metadata
0x00007fff7c62b000 	/System/Library/Frameworks/CoreServices.framework/Versions/A/Frameworks/OSServices.framework/Versions/A/OSServices
0x00007fff7c68b000 	/System/Library/Frameworks/CoreServices.framework/Versions/A/Frameworks/SearchKit.framework/Versions/A/SearchKit
0x00007fff7c0a2000 	/System/Library/Frameworks/CoreServices.framework/Versions/A/Frameworks/AE.framework/Versions/A/AE
0x00007fff7c40d000 	/System/Library/Frameworks/CoreServices.framework/Versions/A/Frameworks/LaunchServices.framework/Versions/A/LaunchServices
0x00007fff7c3d0000 	/System/Library/Frameworks/CoreServices.framework/Versions/A/Frameworks/DictionaryServices.framework/Versions/A/DictionaryServices
0x00007fff7c6fc000 	/System/Library/Frameworks/CoreServices.framework/Versions/A/Frameworks/SharedFileList.framework/Versions/A/SharedFileList
0x00007fff7f445000 	/System/Library/Frameworks/NetFS.framework/Versions/A/NetFS
0x00007fff8ae8b000 	/System/Library/PrivateFrameworks/NetAuth.framework/Versions/A/NetAuth
0x00007fff8f0f9000 	/System/Library/PrivateFrameworks/login.framework/Versions/A/Frameworks/loginsupport.framework/Versions/A/loginsupport
0x00007fff8dcea000 	/System/Library/PrivateFrameworks/TCC.framework/Versions/A/TCC
0x00007fff8fda0000 	/usr/lib/libmecabra.dylib
0x00007fff79b00000 	/System/Library/Frameworks/ApplicationServices.framework/Versions/A/Frameworks/ATS.framework/Versions/A/ATS
0x00007fff79e7f000 	/System/Library/Frameworks/ApplicationServices.framework/Versions/A/Frameworks/ColorSync.framework/Versions/A/ColorSync
0x00007fff79f2a000 	/System/Library/Frameworks/ApplicationServices.framework/Versions/A/Frameworks/HIServices.framework/Versions/A/HIServices
0x00007fff79f7c000 	/System/Library/Frameworks/ApplicationServices.framework/Versions/A/Frameworks/LangAnalysis.framework/Versions/A/LangAnalysis
0x00007fff79f8c000 	/System/Library/Frameworks/ApplicationServices.framework/Versions/A/Frameworks/PrintCore.framework/Versions/A/PrintCore
0x00007fff79fda000 	/System/Library/Frameworks/ApplicationServices.framework/Versions/A/Frameworks/QD.framework/Versions/A/QD
0x00007fff7a016000 	/System/Library/Frameworks/ApplicationServices.framework/Versions/A/Frameworks/SpeechSynthesis.framework/Versions/A/SpeechSynthesis
0x00007fff77d4f000 	/System/Library/Frameworks/Accelerate.framework/Versions/A/Frameworks/vImage.framework/Versions/A/vImage
0x00007fff78a55000 	/System/Library/Frameworks/Accelerate.framework/Versions/A/Frameworks/vecLib.framework/Versions/A/vecLib
0x00007fff7881a000 	/System/Library/Frameworks/Accelerate.framework/Versions/A/Frameworks/vecLib.framework/Versions/A/libvDSP.dylib
0x00007fff783db000 	/System/Library/Frameworks/Accelerate.framework/Versions/A/Frameworks/vecLib.framework/Versions/A/libBNNS.dylib
0x00007fff787fe000 	/System/Library/Frameworks/Accelerate.framework/Versions/A/Frameworks/vecLib.framework/Versions/A/libQuadrature.dylib
0x00007fff789a2000 	/System/Library/Frameworks/Accelerate.framework/Versions/A/Frameworks/vecLib.framework/Versions/A/libvMisc.dylib
0x00007fff783f0000 	/System/Library/Frameworks/Accelerate.framework/Versions/A/Frameworks/vecLib.framework/Versions/A/libLAPACK.dylib
0x00007fff78269000 	/System/Library/Frameworks/Accelerate.framework/Versions/A/Frameworks/vecLib.framework/Versions/A/libBLAS.dylib
0x00007fff787e7000 	/System/Library/Frameworks/Accelerate.framework/Versions/A/Frameworks/vecLib.framework/Versions/A/libLinearAlgebra.dylib
0x00007fff78805000 	/System/Library/Frameworks/Accelerate.framework/Versions/A/Frameworks/vecLib.framework/Versions/A/libSparseBLAS.dylib
0x00007fff79c08000 	/System/Library/Frameworks/ApplicationServices.framework/Versions/A/Frameworks/ATS.framework/Versions/A/Resources/libFontParser.dylib
0x00007fff79d38000 	/System/Library/Frameworks/ApplicationServices.framework/Versions/A/Frameworks/ATS.framework/Versions/A/Resources/libFontRegistry.dylib
0x00007fff7d502000 	/System/Library/Frameworks/ImageIO.framework/Versions/A/Resources/libJPEG.dylib
0x00007fff7d551000 	/System/Library/Frameworks/ImageIO.framework/Versions/A/Resources/libTIFF.dylib
0x00007fff7d526000 	/System/Library/Frameworks/ImageIO.framework/Versions/A/Resources/libPng.dylib
0x00007fff7d40c000 	/System/Library/Frameworks/ImageIO.framework/Versions/A/Resources/libGIF.dylib
0x00007fff7d411000 	/System/Library/Frameworks/ImageIO.framework/Versions/A/Resources/libJP2.dylib
0x00007fff7d54e000 	/System/Library/Frameworks/ImageIO.framework/Versions/A/Resources/libRadiance.dylib
0x00007fff8f614000 	/usr/lib/libcompression.dylib
0x00007fff84623000 	/System/Library/PrivateFrameworks/AppleJPEG.framework/Versions/A/AppleJPEG
0x00007fff8f969000 	/usr/lib/libcups.2.dylib
0x00007fff7e308000 	/System/Library/Frameworks/Kerberos.framework/Versions/A/Kerberos
0x00007fff7d026000 	/System/Library/Frameworks/GSS.framework/Versions/A/GSS
0x00007fff9051e000 	/usr/lib/libresolv.9.dylib
0x00007fff8fa4f000 	/usr/lib/libiconv.2.dylib
0x00007fff8991f000 	/System/Library/PrivateFrameworks/Heimdal.framework/Versions/A/Heimdal
0x00007fff8fa49000 	/usr/lib/libheimdal-asn1.dylib
0x00007fff7f696000 	/System/Library/Frameworks/OpenDirectory.framework/Versions/A/OpenDirectory
0x00007fff86136000 	/System/Library/PrivateFrameworks/CommonAuth.framework/Versions/A/CommonAuth
0x00007fff7f67c000 	/System/Library/Frameworks/OpenDirectory.framework/Versions/A/Frameworks/CFOpenDirectory.framework/Versions/A/CFOpenDirectory
0x00007fff817ed000 	/System/Library/Frameworks/SecurityFoundation.framework/Versions/A/SecurityFoundation
0x00007fff8a0d7000 	/System/Library/PrivateFrameworks/LanguageModeling.framework/Versions/A/LanguageModeling
0x00007fff8fd89000 	/usr/lib/libmarisa.dylib
0x00007fff8f16c000 	/usr/lib/libChineseTokenizer.dylib
0x00007fff8f603000 	/usr/lib/libcmph.dylib
0x00007fff86888000 	/System/Library/PrivateFrameworks/CoreEmoji.framework/Versions/A/CoreEmoji
0x00007fff8188d000 	/System/Library/Frameworks/ServiceManagement.framework/Versions/A/ServiceManagement
0x00007fff908cb000 	/usr/lib/libxslt.1.dylib
0x00007fff7aaa7000 	/System/Library/Frameworks/Carbon.framework/Versions/A/Frameworks/Ink.framework/Versions/A/Ink
0x00007fff8dd7c000 	/System/Library/PrivateFrameworks/TextureIO.framework/Versions/A/TextureIO
0x00007fff7eb01000 	/System/Library/Frameworks/Metal.framework/Versions/A/Metal
0x00007fff8f4e1000 	/usr/lib/libate.dylib
0x00007fff88f21000 	/System/Library/PrivateFrameworks/GPUCompiler.framework/libmetal_timestamp.dylib
0x00007fff7f6a5000 	/System/Library/Frameworks/OpenGL.framework/Versions/A/Libraries/libCoreFSCache.dylib
0x00007fff89fb0000 	/System/Library/PrivateFrameworks/IOAccelerator.framework/Versions/A/IOAccelerator
0x00007fff7c918000 	/System/Library/Frameworks/CoreVideo.framework/Versions/A/CoreVideo
0x00007fff8f20b000 	/usr/lib/libFosl_dynamic.dylib
0x00007fff8abaf000 	/System/Library/PrivateFrameworks/MetalPerformanceShaders.framework/Versions/A/MetalPerformanceShaders
0x00007fff87799000 	/System/Library/PrivateFrameworks/FaceCore.framework/Versions/A/FaceCore
0x00007fff7f62d000 	/System/Library/Frameworks/OpenCL.framework/Versions/A/OpenCL
0x00007fff7f878000 	/System/Library/Frameworks/OpenGL.framework/Versions/A/Libraries/libGLU.dylib
0x00007fff7f6ae000 	/System/Library/Frameworks/OpenGL.framework/Versions/A/Libraries/libGFXShared.dylib
0x00007fff7f6b8000 	/System/Library/Frameworks/OpenGL.framework/Versions/A/Libraries/libGL.dylib
0x00007fff7f6c4000 	/System/Library/Frameworks/OpenGL.framework/Versions/A/Libraries/libGLImage.dylib
0x00007fff7f6a2000 	/System/Library/Frameworks/OpenGL.framework/Versions/A/Libraries/libCVMSPluginSupport.dylib
0x00007fff7f6a9000 	/System/Library/Frameworks/OpenGL.framework/Versions/A/Libraries/libCoreVMClient.dylib
0x00007fff871ea000 	/System/Library/PrivateFrameworks/CrashReporterSupport.framework/Versions/A/CrashReporterSupport
0x00007fff8cc49000 	/System/Library/PrivateFrameworks/Sharing.framework/Versions/A/Sharing
0x00007fff89fce000 	/System/Library/PrivateFrameworks/IconServices.framework/Versions/A/IconServices
0x00007fff8be97000 	/System/Library/PrivateFrameworks/ProtocolBuffer.framework/Versions/A/ProtocolBuffer
0x00007fff84507000 	/System/Library/PrivateFrameworks/Apple80211.framework/Versions/A/Apple80211
0x00007fff7c94e000 	/System/Library/Frameworks/CoreWLAN.framework/Versions/A/CoreWLAN
0x00007fff87064000 	/System/Library/PrivateFrameworks/CoreUtils.framework/Versions/A/CoreUtils
0x00007fff7d117000 	/System/Library/Frameworks/IOBluetooth.framework/Versions/A/IOBluetooth
0x00007fff87184000 	/System/Library/PrivateFrameworks/CoreWiFi.framework/Versions/A/CoreWiFi
0x00007fff7ae1e000 	/System/Library/Frameworks/CoreBluetooth.framework/Versions/A/CoreBluetooth
0x00007fff7b12e000 	/System/Library/Frameworks/CoreDisplay.framework/Versions/A/CoreDisplay
0x00007fff89fb9000 	/System/Library/PrivateFrameworks/IOPresentment.framework/Versions/A/IOPresentment
0x00007fff87275000 	/System/Library/PrivateFrameworks/DSExternalDisplay.framework/Versions/A/DSExternalDisplay
0x00007fff87360000 	/System/Library/PrivateFrameworks/DebugSymbols.framework/Versions/A/DebugSymbols
0x00007fff86e94000 	/System/Library/PrivateFrameworks/CoreSymbolication.framework/Versions/A/CoreSymbolication
0x00007fff8d837000 	/System/Library/PrivateFrameworks/Symbolication.framework/Versions/A/Symbolication
0x00007fff8452a000 	/System/Library/PrivateFrameworks/AppleFSCompression.framework/Versions/A/AppleFSCompression
0x00007fff8d13f000 	/System/Library/PrivateFrameworks/SpeechRecognitionCore.framework/Versions/A/SpeechRecognitionCore
0x00007fff857ea000 	/System/Library/PrivateFrameworks/ChunkingLibrary.framework/Versions/A/ChunkingLibrary
0x000000010f5f1000 	/Library/Java/JavaVirtualMachines/jdk-9.jdk/Contents/Home/lib/server/libjvm.dylib
0x00007fff90734000 	/usr/lib/libstdc++.6.dylib
0x0000000110283000 	/Library/Java/JavaVirtualMachines/jdk-9.jdk/Contents/Home/lib/libverify.dylib
0x0000000110290000 	/Library/Java/JavaVirtualMachines/jdk-9.jdk/Contents/Home/lib/libjava.dylib
0x00000001102c6000 	/Library/Java/JavaVirtualMachines/jdk-9.jdk/Contents/Home/lib/libjdwp.dylib
0x000000011030b000 	/Library/Java/JavaVirtualMachines/jdk-9.jdk/Contents/Home/lib/libzip.dylib
0x0000000110313000 	/Library/Java/JavaVirtualMachines/jdk-9.jdk/Contents/Home/lib/libjimage.dylib
0x00000001326ef000 	/Library/Java/JavaVirtualMachines/jdk-9.jdk/Contents/Home/lib/libnio.dylib
0x00000001326ff000 	/Library/Java/JavaVirtualMachines/jdk-9.jdk/Contents/Home/lib/./libnet.dylib
0x00000001103f6000 	/Library/Java/JavaVirtualMachines/jdk-9.jdk/Contents/Home/lib/libdt_socket.dylib

VM Arguments:
jvm_args: -agentlib:jdwp=transport=dt_socket,address=127.0.0.1:60778,suspend=y,server=n -Dfile.encoding=UTF-8 
java_command: exam.icreament_Operators
java_class_path (initial): /Users/harisrizwan/IntelliJ WorkSpace/JavaCertification/out/production/JavaCertification:/Applications/IntelliJ IDEA CE.app/Contents/lib/idea_rt.jar
Launcher Type: SUN_STANDARD

Logging:
Log output configuration:
#0: stdout all=warning uptime,level,tags
#1: stderr all=off uptime,level,tags

Environment Variables:
JAVA_HOME=/Library/Java/JavaVirtualMachines/jdk-9.jdk/Contents/Home
PATH=/Users/harisrizwan/apache-maven-3.5.3/bin:/Users/harisrizwan/Selenium/Firefox:/Library/Java/JavaVirtualMachines/jdk-9.jdk/Contents/Home/bin:/Library/Frameworks/Python.framework/Versions/3.6/bin:/usr/local/bin:/usr/bin:/bin:/usr/sbin:/sbin:/Library/Frameworks/Mono.framework/Versions/Current/Commands:/usr/local/ccp/bin
SHELL=/bin/bash

Signal Handlers:
SIGSEGV: [libjvm.dylib+0x73ea4c], sa_mask[0]=11111111011111110111111111111111, sa_flags=SA_ONSTACK|SA_RESTART|SA_SIGINFO
SIGBUS: [libjvm.dylib+0x73ea4c], sa_mask[0]=11111111011111110111111111111111, sa_flags=SA_RESTART|SA_SIGINFO
SIGFPE: [libjvm.dylib+0x73ea4c], sa_mask[0]=11111111011111110111111111111111, sa_flags=SA_RESTART|SA_SIGINFO
SIGPIPE: [libjvm.dylib+0x5f1d1c], sa_mask[0]=11111111011111110111111111111111, sa_flags=SA_RESTART|SA_SIGINFO
SIGXFSZ: [libjvm.dylib+0x5f1d1c], sa_mask[0]=11111111011111110111111111111111, sa_flags=SA_RESTART|SA_SIGINFO
SIGILL: [libjvm.dylib+0x73ea4c], sa_mask[0]=11111111011111110111111111111111, sa_flags=SA_RESTART|SA_SIGINFO
SIGUSR2: [libjvm.dylib+0x5f25ac], sa_mask[0]=00100000000000000000000000000000, sa_flags=SA_RESTART|SA_SIGINFO
SIGHUP: [libjvm.dylib+0x5f0de9], sa_mask[0]=11111111011111110111111111111111, sa_flags=SA_RESTART|SA_SIGINFO
SIGINT: [libjvm.dylib+0x5f0de9], sa_mask[0]=11111111011111110111111111111111, sa_flags=SA_RESTART|SA_SIGINFO
SIGTERM: [libjvm.dylib+0x5f0de9], sa_mask[0]=11111111011111110111111111111111, sa_flags=SA_RESTART|SA_SIGINFO
SIGQUIT: [libjvm.dylib+0x5f0de9], sa_mask[0]=11111111011111110111111111111111, sa_flags=SA_RESTART|SA_SIGINFO


---------------  S Y S T E M  ---------------

OS:uname:Darwin 16.7.0 Darwin Kernel Version 16.7.0: Fri Apr 27 17:59:46 PDT 2018; root:xnu-3789.73.13~1/RELEASE_X86_64 x86_64
rlimit: STACK 8192k, CORE 0k, NPROC 709, NOFILE 10240, AS infinity
load average:3.80 2.64 2.36

CPU:total 4 (initial active 4) (2 cores per cpu, 2 threads per core) family 6 model 61 stepping 4, cmov, cx8, fxsr, mmx, sse, sse2, sse3, ssse3, sse4.1, sse4.2, popcnt, avx, avx2, aes, clmul, erms, 3dnowpref, lzcnt, ht, tsc, tscinvbit, bmi1, bmi2, adx, fma

Memory: 4k page, physical 8388608k(123324k free)

vm_info: Java HotSpot(TM) 64-Bit Server VM (9+181) for bsd-amd64 JRE (9+181), built on Aug  2 2017 21:10:28 by "javare" with gcc 4.2.1 Compatible Apple LLVM 6.1.0 (clang-602.0.49)

END.
